TN:
SF:/home/edward/projects/Smoke-Simulation/src/ODF/Math/Matrix3x3.h
FN:30,_ZN3ODF4Math9Matrix3x3D0Ev
FNDA:0,_ZN3ODF4Math9Matrix3x3D0Ev
FN:30,_ZN3ODF4Math9Matrix3x3D2Ev
FNDA:0,_ZN3ODF4Math9Matrix3x3D2Ev
FNF:2
FNH:0
DA:30,0
DA:30,0
LF:2
LH:0
end_of_record
SF:/home/edward/projects/Smoke-Simulation/src/ODF/Math/Vector.h
FN:82,_ZNK3ODF4Math6VectorILm3EEixEm
FNDA:0,_ZNK3ODF4Math6VectorILm3EEixEm
FNF:1
FNH:0
DA:82,0
DA:84,0
DA:85,0
LF:3
LH:0
end_of_record
SF:/usr/include/c++/11/iostream
LF:0
LH:0
end_of_record
SF:/home/edward/projects/Smoke-Simulation/src/ODF/Math/Matrix3x3.cpp
FN:8,_ZN3ODF4Math9Matrix3x3C2Ev
FNDA:0,_ZN3ODF4Math9Matrix3x3C2Ev
FN:13,_ZN3ODF4Math9Matrix3x3C2ERKS1_
FNDA:0,_ZN3ODF4Math9Matrix3x3C2ERKS1_
FN:18,_ZN3ODF4Math9Matrix3x3C2ENS0_12SquareMatrixILm3EEE
FNDA:0,_ZN3ODF4Math9Matrix3x3C2ENS0_12SquareMatrixILm3EEE
FN:23,_ZN3ODF4Math9Matrix3x3aSERKNS0_12SquareMatrixILm3EEE
FNDA:0,_ZN3ODF4Math9Matrix3x3aSERKNS0_12SquareMatrixILm3EEE
FN:29,_ZN3ODF4Math9Matrix3x3mLERKS1_
FNDA:0,_ZN3ODF4Math9Matrix3x3mLERKS1_
FN:35,_ZN3ODF4Math9Matrix3x312AxisRotationERKNS0_6VectorILm3EEEd
FNDA:0,_ZN3ODF4Math9Matrix3x312AxisRotationERKNS0_6VectorILm3EEEd
FN:64,_ZN3ODF4Math9Matrix3x315MakeTranslationERKNS0_6VectorILm3EEE
FNDA:0,_ZN3ODF4Math9Matrix3x315MakeTranslationERKNS0_6VectorILm3EEE
FN:75,_ZN3ODF4Math9Matrix3x39MakeScaleEOKNS0_6VectorILm3EEE
FNDA:0,_ZN3ODF4Math9Matrix3x39MakeScaleEOKNS0_6VectorILm3EEE
FN:86,_ZN3ODF4Math9Matrix3x313MakeXRotationEd
FNDA:0,_ZN3ODF4Math9Matrix3x313MakeXRotationEd
FN:97,_ZN3ODF4Math9Matrix3x313MakeYRotationEd
FNDA:0,_ZN3ODF4Math9Matrix3x313MakeYRotationEd
FN:108,_ZN3ODF4Math9Matrix3x313MakeZRotationEd
FNDA:0,_ZN3ODF4Math9Matrix3x313MakeZRotationEd
FN:120,_ZN3ODF4Math9Matrix3x316MakeAxisRotationERKNS0_6VectorILm3EEEd
FNDA:0,_ZN3ODF4Math9Matrix3x316MakeAxisRotationERKNS0_6VectorILm3EEEd
FNF:12
FNH:0
DA:8,0
DA:11,0
DA:13,0
DA:16,0
DA:18,0
DA:21,0
DA:23,0
DA:25,0
DA:26,0
DA:29,0
DA:31,0
DA:32,0
DA:35,0
DA:37,0
DA:38,0
DA:39,0
DA:40,0
DA:41,0
DA:42,0
DA:43,0
DA:44,0
DA:45,0
DA:46,0
DA:47,0
DA:48,0
DA:50,0
DA:51,0
DA:52,0
DA:53,0
DA:54,0
DA:55,0
DA:56,0
DA:57,0
DA:58,0
DA:59,0
DA:61,0
DA:62,0
DA:64,0
DA:66,0
DA:67,0
DA:68,0
DA:69,0
DA:70,0
DA:71,0
DA:72,0
DA:75,0
DA:77,0
DA:78,0
DA:79,0
DA:80,0
DA:81,0
DA:82,0
DA:83,0
DA:86,0
DA:88,0
DA:89,0
DA:90,0
DA:91,0
DA:92,0
DA:93,0
DA:94,0
DA:95,0
DA:97,0
DA:99,0
DA:100,0
DA:101,0
DA:102,0
DA:103,0
DA:104,0
DA:105,0
DA:106,0
DA:108,0
DA:110,0
DA:111,0
DA:112,0
DA:113,0
DA:114,0
DA:115,0
DA:116,0
DA:117,0
DA:120,0
DA:122,0
DA:123,0
DA:125,0
DA:126,0
DA:127,0
DA:129,0
DA:130,0
DA:131,0
DA:132,0
DA:133,0
DA:134,0
DA:135,0
DA:136,0
DA:138,0
DA:139,0
DA:140,0
DA:142,0
DA:143,0
DA:144,0
DA:146,0
DA:147,0
DA:148,0
DA:150,0
DA:151,0
LF:105
LH:0
end_of_record
SF:/home/edward/projects/Smoke-Simulation/src/ODF/Math/SquareMatrix.h
FN:28,_ZN3ODF4Math12SquareMatrixILm3EEC2Ev
FNDA:0,_ZN3ODF4Math12SquareMatrixILm3EEC2Ev
FN:38,_ZN3ODF4Math12SquareMatrixILm3EEC2ERKS2_
FNDA:0,_ZN3ODF4Math12SquareMatrixILm3EEC2ERKS2_
FN:43,_ZN3ODF4Math12SquareMatrixILm3EED0Ev
FNDA:0,_ZN3ODF4Math12SquareMatrixILm3EED0Ev
FN:43,_ZN3ODF4Math12SquareMatrixILm3EED2Ev
FNDA:0,_ZN3ODF4Math12SquareMatrixILm3EED2Ev
FN:89,_ZN3ODF4Math12SquareMatrixILm3EE8IdentityEv
FNDA:0,_ZN3ODF4Math12SquareMatrixILm3EE8IdentityEv
FNF:5
FNH:0
DA:28,0
DA:31,0
DA:38,0
DA:41,0
DA:43,0
DA:43,0
DA:89,0
DA:91,0
DA:92,0
DA:94,0
DA:96,0
DA:99,0
DA:100,0
LF:13
LH:0
end_of_record
SF:/home/edward/projects/Smoke-Simulation/src/ODF/Math/Matrix.h
FN:44,_ZN3ODF4Math6MatrixILm3ELm3EEC2Ev
FNDA:0,_ZN3ODF4Math6MatrixILm3ELm3EEC2Ev
FN:55,_ZN3ODF4Math6MatrixILm3ELm3EEC2ERKS2_
FNDA:0,_ZN3ODF4Math6MatrixILm3ELm3EEC2ERKS2_
FN:78,_ZN3ODF4Math6MatrixILm3ELm3EED0Ev
FNDA:0,_ZN3ODF4Math6MatrixILm3ELm3EED0Ev
FN:78,_ZN3ODF4Math6MatrixILm3ELm3EED2Ev
FNDA:0,_ZN3ODF4Math6MatrixILm3ELm3EED2Ev
FN:86,_ZN3ODF4Math6MatrixILm3ELm3EEaSERKS2_
FNDA:0,_ZN3ODF4Math6MatrixILm3ELm3EEaSERKS2_
FN:103,_ZN3ODF4Math6MatrixILm3ELm3EEmLERKS2_
FNDA:0,_ZN3ODF4Math6MatrixILm3ELm3EEmLERKS2_
FN:126,_ZNK3ODF4Math6MatrixILm3ELm3EEclEmm
FNDA:0,_ZNK3ODF4Math6MatrixILm3ELm3EEclEmm
FN:140,_ZN3ODF4Math6MatrixILm3ELm3EEclEmm
FNDA:0,_ZN3ODF4Math6MatrixILm3ELm3EEclEmm
FN:153,_ZN3ODF4Math6MatrixILm3ELm3EE5ClearEv
FNDA:0,_ZN3ODF4Math6MatrixILm3ELm3EE5ClearEv
FNF:9
FNH:0
DA:44,0
DA:45,0
DA:46,0
DA:47,0
DA:55,0
DA:56,0
DA:57,0
DA:58,0
DA:78,0
DA:78,0
DA:86,0
DA:88,0
DA:90,0
DA:94,0
DA:103,0
DA:105,0
DA:107,0
DA:109,0
DA:111,0
DA:112,0
DA:116,0
DA:126,0
DA:128,0
DA:129,0
DA:130,0
DA:140,0
DA:142,0
DA:143,0
DA:144,0
DA:153,0
DA:155,0
DA:156,0
LF:32
LH:0
end_of_record
TN:
SF:/home/edward/projects/Smoke-Simulation/src/ODF/Math/Matrix.h
FN:44,_ZN3ODF4Math6MatrixILm4ELm4EEC2Ev
FNDA:0,_ZN3ODF4Math6MatrixILm4ELm4EEC2Ev
FN:55,_ZN3ODF4Math6MatrixILm4ELm4EEC2ERKS2_
FNDA:0,_ZN3ODF4Math6MatrixILm4ELm4EEC2ERKS2_
FN:78,_ZN3ODF4Math6MatrixILm4ELm4EED0Ev
FNDA:0,_ZN3ODF4Math6MatrixILm4ELm4EED0Ev
FN:78,_ZN3ODF4Math6MatrixILm4ELm4EED2Ev
FNDA:0,_ZN3ODF4Math6MatrixILm4ELm4EED2Ev
FN:86,_ZN3ODF4Math6MatrixILm4ELm4EEaSERKS2_
FNDA:0,_ZN3ODF4Math6MatrixILm4ELm4EEaSERKS2_
FN:103,_ZN3ODF4Math6MatrixILm4ELm4EEmLERKS2_
FNDA:0,_ZN3ODF4Math6MatrixILm4ELm4EEmLERKS2_
FN:126,_ZNK3ODF4Math6MatrixILm4ELm4EEclEmm
FNDA:0,_ZNK3ODF4Math6MatrixILm4ELm4EEclEmm
FN:140,_ZN3ODF4Math6MatrixILm4ELm4EEclEmm
FNDA:0,_ZN3ODF4Math6MatrixILm4ELm4EEclEmm
FN:153,_ZN3ODF4Math6MatrixILm4ELm4EE5ClearEv
FNDA:0,_ZN3ODF4Math6MatrixILm4ELm4EE5ClearEv
FNF:9
FNH:0
DA:44,0
DA:45,0
DA:46,0
DA:47,0
DA:55,0
DA:56,0
DA:57,0
DA:58,0
DA:78,0
DA:78,0
DA:86,0
DA:88,0
DA:90,0
DA:94,0
DA:103,0
DA:105,0
DA:107,0
DA:109,0
DA:111,0
DA:112,0
DA:116,0
DA:126,0
DA:128,0
DA:129,0
DA:130,0
DA:140,0
DA:142,0
DA:143,0
DA:144,0
DA:153,0
DA:155,0
DA:156,0
LF:32
LH:0
end_of_record
SF:/home/edward/projects/Smoke-Simulation/src/ODF/Math/SquareMatrix.h
FN:28,_ZN3ODF4Math12SquareMatrixILm4EEC2Ev
FNDA:0,_ZN3ODF4Math12SquareMatrixILm4EEC2Ev
FN:38,_ZN3ODF4Math12SquareMatrixILm4EEC2ERKS2_
FNDA:0,_ZN3ODF4Math12SquareMatrixILm4EEC2ERKS2_
FN:43,_ZN3ODF4Math12SquareMatrixILm4EED0Ev
FNDA:0,_ZN3ODF4Math12SquareMatrixILm4EED0Ev
FN:43,_ZN3ODF4Math12SquareMatrixILm4EED2Ev
FNDA:0,_ZN3ODF4Math12SquareMatrixILm4EED2Ev
FN:89,_ZN3ODF4Math12SquareMatrixILm4EE8IdentityEv
FNDA:0,_ZN3ODF4Math12SquareMatrixILm4EE8IdentityEv
FNF:5
FNH:0
DA:28,0
DA:31,0
DA:38,0
DA:41,0
DA:43,0
DA:43,0
DA:89,0
DA:91,0
DA:92,0
DA:94,0
DA:96,0
DA:99,0
DA:100,0
LF:13
LH:0
end_of_record
SF:/home/edward/projects/Smoke-Simulation/src/ODF/Math/Vector.h
FN:82,_ZNK3ODF4Math6VectorILm3EEixEm
FNDA:0,_ZNK3ODF4Math6VectorILm3EEixEm
FNF:1
FNH:0
DA:82,0
DA:84,0
DA:85,0
LF:3
LH:0
end_of_record
SF:/usr/include/c++/11/iostream
LF:0
LH:0
end_of_record
SF:/home/edward/projects/Smoke-Simulation/src/ODF/Math/Matrix4x4.cpp
FN:8,_ZN3ODF4Math9Matrix4x4C2Ev
FNDA:1,_ZN3ODF4Math9Matrix4x4C2Ev
FN:13,_ZN3ODF4Math9Matrix4x4C2ERKS1_
FNDA:0,_ZN3ODF4Math9Matrix4x4C2ERKS1_
FN:18,_ZN3ODF4Math9Matrix4x4aSERKNS0_12SquareMatrixILm4EEE
FNDA:1,_ZN3ODF4Math9Matrix4x4aSERKNS0_12SquareMatrixILm4EEE
FN:24,_ZN3ODF4Math9Matrix4x4mLERKS1_
FNDA:0,_ZN3ODF4Math9Matrix4x4mLERKS1_
FN:30,_ZN3ODF4Math9Matrix4x412AxisRotationERKNS0_6VectorILm3EEEd
FNDA:0,_ZN3ODF4Math9Matrix4x412AxisRotationERKNS0_6VectorILm3EEEd
FN:59,_ZN3ODF4Math9Matrix4x415MakeTranslationERKNS0_6VectorILm3EEE
FNDA:0,_ZN3ODF4Math9Matrix4x415MakeTranslationERKNS0_6VectorILm3EEE
FN:70,_ZN3ODF4Math9Matrix4x49MakeScaleEOKNS0_6VectorILm3EEE
FNDA:0,_ZN3ODF4Math9Matrix4x49MakeScaleEOKNS0_6VectorILm3EEE
FN:81,_ZN3ODF4Math9Matrix4x413MakeXRotationEd
FNDA:0,_ZN3ODF4Math9Matrix4x413MakeXRotationEd
FN:92,_ZN3ODF4Math9Matrix4x413MakeYRotationEd
FNDA:0,_ZN3ODF4Math9Matrix4x413MakeYRotationEd
FN:103,_ZN3ODF4Math9Matrix4x413MakeZRotationEd
FNDA:0,_ZN3ODF4Math9Matrix4x413MakeZRotationEd
FN:115,_ZN3ODF4Math9Matrix4x416MakeAxisRotationERKNS0_6VectorILm3EEEd
FNDA:0,_ZN3ODF4Math9Matrix4x416MakeAxisRotationERKNS0_6VectorILm3EEEd
FNF:11
FNH:2
DA:8,1
DA:11,1
DA:13,0
DA:16,0
DA:18,1
DA:20,1
DA:21,1
DA:24,0
DA:26,0
DA:27,0
DA:30,0
DA:32,0
DA:33,0
DA:34,0
DA:35,0
DA:36,0
DA:37,0
DA:38,0
DA:39,0
DA:40,0
DA:41,0
DA:42,0
DA:43,0
DA:45,0
DA:46,0
DA:47,0
DA:48,0
DA:49,0
DA:50,0
DA:51,0
DA:52,0
DA:53,0
DA:54,0
DA:56,0
DA:57,0
DA:59,0
DA:61,0
DA:62,0
DA:63,0
DA:64,0
DA:65,0
DA:66,0
DA:67,0
DA:70,0
DA:72,0
DA:73,0
DA:74,0
DA:75,0
DA:76,0
DA:77,0
DA:78,0
DA:81,0
DA:83,0
DA:84,0
DA:85,0
DA:86,0
DA:87,0
DA:88,0
DA:89,0
DA:90,0
DA:92,0
DA:94,0
DA:95,0
DA:96,0
DA:97,0
DA:98,0
DA:99,0
DA:100,0
DA:101,0
DA:103,0
DA:105,0
DA:106,0
DA:107,0
DA:108,0
DA:109,0
DA:110,0
DA:111,0
DA:112,0
DA:115,0
DA:117,0
DA:118,0
DA:120,0
DA:121,0
DA:122,0
DA:124,0
DA:125,0
DA:126,0
DA:127,0
DA:128,0
DA:129,0
DA:130,0
DA:131,0
DA:133,0
DA:134,0
DA:135,0
DA:137,0
DA:138,0
DA:139,0
DA:141,0
DA:142,0
DA:143,0
DA:145,0
DA:146,0
LF:103
LH:5
end_of_record
SF:/home/edward/projects/Smoke-Simulation/src/ODF/Math/Matrix4x4.h
FN:29,_ZN3ODF4Math9Matrix4x4D0Ev
FNDA:0,_ZN3ODF4Math9Matrix4x4D0Ev
FN:29,_ZN3ODF4Math9Matrix4x4D2Ev
FNDA:0,_ZN3ODF4Math9Matrix4x4D2Ev
FNF:2
FNH:0
DA:29,0
DA:29,0
LF:2
LH:0
end_of_record
TN:
SF:/home/edward/projects/Smoke-Simulation/src/ODF/Engine/OrthographicCamera.cpp
FN:17,_ZN3ODF6Engine18OrthographicCameraC2ERKNS_4Math6VectorILm3EEES6_S6_d
FNDA:3,_ZN3ODF6Engine18OrthographicCameraC2ERKNS_4Math6VectorILm3EEES6_S6_d
FN:26,_ZN3ODF6Engine18OrthographicCamera6GLInitEii
FNDA:0,_ZN3ODF6Engine18OrthographicCamera6GLInitEii
FN:47,_ZN3ODF6Engine18OrthographicCamera4ZoomEd
FNDA:0,_ZN3ODF6Engine18OrthographicCamera4ZoomEd
FN:53,_ZN3ODF6Engine18OrthographicCamera11GenerateRayEdd
FNDA:0,_ZN3ODF6Engine18OrthographicCamera11GenerateRayEdd
FN:63,_ZN3ODF6EnginelsERSoRKNS0_18OrthographicCameraE
FNDA:6,_ZN3ODF6EnginelsERSoRKNS0_18OrthographicCameraE
FN:80,_ZN3ODF6EnginersERSiRNS0_18OrthographicCameraE
FNDA:3,_ZN3ODF6EnginersERSiRNS0_18OrthographicCameraE
FNF:6
FNH:3
DA:17,3
DA:20,3
DA:21,3
DA:23,3
DA:24,3
DA:26,0
DA:28,0
DA:29,0
DA:30,0
DA:31,0
DA:32,0
DA:33,0
DA:34,0
DA:35,0
DA:37,0
DA:41,0
DA:43,0
DA:44,0
DA:45,0
DA:47,0
DA:49,0
DA:50,0
DA:51,0
DA:53,0
DA:55,0
DA:56,0
DA:57,0
DA:58,0
DA:59,0
DA:60,0
DA:63,6
DA:65,6
DA:66,6
DA:67,6
DA:68,6
DA:69,6
DA:70,6
DA:80,3
DA:82,3
DA:85,3
DA:86,3
DA:87,3
DA:91,3
DA:92,3
DA:93,3
DA:94,3
DA:99,15
DA:101,12
DA:102,12
DA:103,12
DA:104,12
DA:105,12
DA:107,9
DA:111,3
DA:113,12
DA:114,12
DA:116,12
DA:118,3
DA:120,9
DA:122,3
DA:124,6
DA:126,3
DA:128,3
DA:130,3
DA:132,12
DA:135,3
DA:136,3
LF:67
LH:42
end_of_record
SF:/home/edward/projects/Smoke-Simulation/src/ODF/Engine/Camera.h
FN:34,_ZN3ODF6Engine6CameraD0Ev
FNDA:0,_ZN3ODF6Engine6CameraD0Ev
FN:34,_ZN3ODF6Engine6CameraD2Ev
FNDA:0,_ZN3ODF6Engine6CameraD2Ev
FN:48,_ZNK3ODF6Engine6Camera10HorizontalEv
FNDA:0,_ZNK3ODF6Engine6Camera10HorizontalEv
FN:55,_ZNK3ODF6Engine6Camera8ScreenUpEv
FNDA:0,_ZNK3ODF6Engine6Camera8ScreenUpEv
FN:60,_ZNK3ODF6Engine6Camera9DirectionEv
FNDA:0,_ZNK3ODF6Engine6Camera9DirectionEv
FNF:5
FNH:0
DA:34,0
DA:34,0
DA:48,0
DA:50,0
DA:51,0
DA:52,0
DA:55,0
DA:57,0
DA:60,0
DA:62,0
DA:63,0
DA:64,0
LF:12
LH:0
end_of_record
SF:/home/edward/projects/Smoke-Simulation/src/ODF/Engine/OrthographicCamera.h
FN:52,_ZNK3ODF6Engine18OrthographicCamera6streamERSo
FNDA:6,_ZNK3ODF6Engine18OrthographicCamera6streamERSo
FN:58,_ZN3ODF6Engine18OrthographicCamera6streamERSi
FNDA:3,_ZN3ODF6Engine18OrthographicCamera6streamERSi
FNF:2
FNH:2
DA:52,6
DA:54,6
DA:55,6
DA:58,3
DA:60,3
DA:61,3
LF:6
LH:6
end_of_record
SF:/usr/include/c++/11/bits/basic_string.h
LF:0
LH:0
end_of_record
SF:/usr/include/c++/11/bits/stl_iterator_base_types.h
FN:238,_ZSt19__iterator_categoryIPKcENSt15iterator_traitsIT_E17iterator_categoryERKS3_
FNDA:0,_ZSt19__iterator_categoryIPKcENSt15iterator_traitsIT_E17iterator_categoryERKS3_
FNF:1
FNH:0
DA:238,0
DA:239,0
LF:2
LH:0
end_of_record
SF:/home/edward/projects/Smoke-Simulation/src/ODF/Engine/Ray.h
FN:31,_ZN3ODF6Engine3RayC2ERKNS_4Math6VectorILm3EEES6_
FNDA:0,_ZN3ODF6Engine3RayC2ERKNS_4Math6VectorILm3EEES6_
FNF:1
FNH:0
DA:31,0
DA:32,0
DA:34,0
LF:3
LH:0
end_of_record
SF:/usr/include/c++/11/bits/basic_string.tcc
FN:206,_ZNSt7__cxx1112basic_stringIcSt11char_traitsIcESaIcEE12_M_constructIPKcEEvT_S8_St20forward_iterator_tag
FNDA:0,_ZNSt7__cxx1112basic_stringIcSt11char_traitsIcESaIcEE12_M_constructIPKcEEvT_S8_St20forward_iterator_tag
FNF:1
FNH:0
DA:206,0
DA:211,0
DA:212,0
DA:215,0
DA:217,0
DA:219,0
DA:220,0
DA:225,0
DA:226,0
DA:228,0
DA:229,0
DA:232,0
DA:233,0
LF:13
LH:0
end_of_record
SF:/usr/include/c++/11/bits/stl_iterator_base_funcs.h
FN:98,_ZSt10__distanceIPKcENSt15iterator_traitsIT_E15difference_typeES3_S3_St26random_access_iterator_tag
FNDA:0,_ZSt10__distanceIPKcENSt15iterator_traitsIT_E15difference_typeES3_S3_St26random_access_iterator_tag
FN:138,_ZSt8distanceIPKcENSt15iterator_traitsIT_E15difference_typeES3_S3_
FNDA:0,_ZSt8distanceIPKcENSt15iterator_traitsIT_E15difference_typeES3_S3_
FNF:2
FNH:0
DA:98,0
DA:104,0
DA:138,0
DA:141,0
DA:142,0
LF:5
LH:0
end_of_record
SF:/usr/include/c++/11/bits/move.h
FN:104,_ZSt4moveIRSaIcEEONSt16remove_referenceIT_E4typeEOS3_
FNDA:0,_ZSt4moveIRSaIcEEONSt16remove_referenceIT_E4typeEOS3_
FNF:1
FNH:0
DA:104,0
DA:105,0
LF:2
LH:0
end_of_record
SF:/usr/include/c++/11/ext/type_traits.h
FN:152,_ZN9__gnu_cxx17__is_null_pointerIKcEEbPT_
FNDA:0,_ZN9__gnu_cxx17__is_null_pointerIKcEEbPT_
FNF:1
FNH:0
DA:152,0
DA:153,0
LF:2
LH:0
end_of_record
SF:/usr/include/c++/11/bits/char_traits.h
FN:393,_ZNSt11char_traitsIcE6lengthEPKc
FNDA:0,_ZNSt11char_traitsIcE6lengthEPKc
FNF:1
FNH:0
DA:393,0
DA:399,0
LF:2
LH:0
end_of_record
SF:/usr/include/c++/11/initializer_list
FN:71,_ZNKSt16initializer_listIdE4sizeEv
FNDA:0,_ZNKSt16initializer_listIdE4sizeEv
FN:75,_ZNKSt16initializer_listIdE5beginEv
FNDA:0,_ZNKSt16initializer_listIdE5beginEv
FN:79,_ZNKSt16initializer_listIdE3endEv
FNDA:0,_ZNKSt16initializer_listIdE3endEv
FNF:3
FNH:0
DA:71,0
DA:75,0
DA:79,0
LF:3
LH:0
end_of_record
SF:/home/edward/projects/Smoke-Simulation/src/ODF/Math/Vector.h
FN:34,_ZN3ODF4Math6VectorILm3EEC2ESt16initializer_listIdE
FNDA:0,_ZN3ODF4Math6VectorILm3EEC2ESt16initializer_listIdE
FN:54,_ZN3ODF4Math6VectorILm3EEC2ERKS2_
FNDA:0,_ZN3ODF4Math6VectorILm3EEC2ERKS2_
FN:65,_ZN3ODF4Math6VectorILm3EEaSERKS2_
FNDA:0,_ZN3ODF4Math6VectorILm3EEaSERKS2_
FN:120,_ZNK3ODF4Math6VectorILm3EEplERKS2_
FNDA:0,_ZNK3ODF4Math6VectorILm3EEplERKS2_
FN:130,_ZNK3ODF4Math6VectorILm3EEmiERKS2_
FNDA:0,_ZNK3ODF4Math6VectorILm3EEmiERKS2_
FN:150,_ZNK3ODF4Math6VectorILm3EEmlEd
FNDA:0,_ZNK3ODF4Math6VectorILm3EEmlEd
FN:213,_ZNK3ODF4Math6VectorILm3EE6LengthEv
FNDA:3,_ZNK3ODF4Math6VectorILm3EE6LengthEv
FN:223,_ZN3ODF4Math6VectorILm3EE9NormalizeEv
FNDA:3,_ZN3ODF4Math6VectorILm3EE9NormalizeEv
FN:259,_ZN3ODF4Math6VectorILm3EE5CrossERKS2_S4_
FNDA:0,_ZN3ODF4Math6VectorILm3EE5CrossERKS2_S4_
FN:275,_ZN3ODF4MathlsERSoRKNS0_6VectorILm3EEE
FNDA:0,_ZN3ODF4MathlsERSoRKNS0_6VectorILm3EEE
FN:287,_ZN3ODF4MathrsERSiRNS0_6VectorILm3EEE
FNDA:9,_ZN3ODF4MathrsERSiRNS0_6VectorILm3EEE
FNF:11
FNH:3
DA:34,0
DA:36,0
DA:37,0
DA:38,0
DA:40,0
DA:42,0
DA:44,0
DA:46,0
DA:54,0
DA:56,0
DA:57,0
DA:65,0
DA:67,0
DA:69,0
DA:70,0
DA:73,0
DA:120,0
DA:122,0
DA:123,0
DA:125,0
DA:127,0
DA:130,0
DA:132,0
DA:133,0
DA:135,0
DA:137,0
DA:150,0
DA:152,0
DA:153,0
DA:155,0
DA:157,0
DA:213,3
DA:215,3
DA:216,12
DA:218,9
DA:220,3
DA:223,3
DA:225,3
DA:226,3
DA:228,12
DA:230,9
DA:233,3
DA:259,0
DA:262,0
DA:263,0
DA:264,0
DA:265,0
DA:275,0
DA:278,0
DA:279,0
DA:281,0
DA:283,0
DA:284,0
DA:287,9
DA:289,9
DA:292,9
DA:293,9
DA:295,9
DA:296,9
DA:297,9
DA:298,36
DA:300,27
DA:302,18
DA:306,9
DA:308,27
DA:309,27
DA:312,9
DA:313,9
LF:68
LH:26
end_of_record
SF:/usr/include/c++/11/ext/new_allocator.h
FN:79,_ZN9__gnu_cxx13new_allocatorIcEC2Ev
FNDA:0,_ZN9__gnu_cxx13new_allocatorIcEC2Ev
FN:89,_ZN9__gnu_cxx13new_allocatorIcED2Ev
FNDA:0,_ZN9__gnu_cxx13new_allocatorIcED2Ev
FNF:2
FNH:0
DA:79,0
DA:89,0
LF:2
LH:0
end_of_record
SF:/usr/include/c++/11/iostream
LF:0
LH:0
end_of_record
TN:
SF:/home/edward/projects/Smoke-Simulation/src/ODF/Engine/Camera.h
FN:48,_ZNK3ODF6Engine6Camera10HorizontalEv
FNDA:0,_ZNK3ODF6Engine6Camera10HorizontalEv
FN:55,_ZNK3ODF6Engine6Camera8ScreenUpEv
FNDA:0,_ZNK3ODF6Engine6Camera8ScreenUpEv
FN:60,_ZNK3ODF6Engine6Camera9DirectionEv
FNDA:0,_ZNK3ODF6Engine6Camera9DirectionEv
FNF:3
FNH:0
DA:48,0
DA:50,0
DA:51,0
DA:52,0
DA:55,0
DA:57,0
DA:60,0
DA:62,0
DA:63,0
DA:64,0
LF:10
LH:0
end_of_record
SF:/home/edward/projects/Smoke-Simulation/src/ODF/Engine/Camera.cpp
FN:16,_ZN3ODF6Engine6CameraC2ERKNS_4Math6VectorILm3EEES6_S6_
FNDA:3,_ZN3ODF6Engine6CameraC2ERKNS_4Math6VectorILm3EEES6_S6_
FN:30,_ZN3ODF6Engine6Camera7GLPlaceEv
FNDA:0,_ZN3ODF6Engine6Camera7GLPlaceEv
FN:44,_ZN3ODF6Engine6Camera5DollyEd
FNDA:0,_ZN3ODF6Engine6Camera5DollyEd
FN:60,_ZN3ODF6Engine6Camera5TruckEdd
FNDA:0,_ZN3ODF6Engine6Camera5TruckEdd
FN:76,_ZN3ODF6Engine6Camera6RotateEdd
FNDA:0,_ZN3ODF6Engine6Camera6RotateEdd
FNF:5
FNH:1
DA:16,3
DA:17,3
DA:19,3
DA:20,3
DA:30,0
DA:32,0
DA:33,0
DA:34,0
DA:35,0
DA:44,0
DA:46,0
DA:47,0
DA:48,0
DA:49,0
DA:50,0
DA:51,0
DA:60,0
DA:62,0
DA:63,0
DA:64,0
DA:65,0
DA:66,0
DA:67,0
DA:76,0
DA:82,0
DA:83,0
DA:85,0
DA:87,0
DA:89,0
DA:91,0
DA:92,0
DA:93,0
DA:94,0
DA:95,0
DA:96,0
DA:97,0
LF:36
LH:4
end_of_record
SF:/home/edward/projects/Smoke-Simulation/src/ODF/Math/SquareMatrix.h
FN:28,_ZN3ODF4Math12SquareMatrixILm3EEC2Ev
FNDA:0,_ZN3ODF4Math12SquareMatrixILm3EEC2Ev
FN:38,_ZN3ODF4Math12SquareMatrixILm3EEC2ERKS2_
FNDA:0,_ZN3ODF4Math12SquareMatrixILm3EEC2ERKS2_
FN:43,_ZN3ODF4Math12SquareMatrixILm3EED0Ev
FNDA:0,_ZN3ODF4Math12SquareMatrixILm3EED0Ev
FN:43,_ZN3ODF4Math12SquareMatrixILm3EED2Ev
FNDA:0,_ZN3ODF4Math12SquareMatrixILm3EED2Ev
FN:70,_ZNK3ODF4Math12SquareMatrixILm3EE9TransformEv
FNDA:0,_ZNK3ODF4Math12SquareMatrixILm3EE9TransformEv
FN:89,_ZN3ODF4Math12SquareMatrixILm3EE8IdentityEv
FNDA:0,_ZN3ODF4Math12SquareMatrixILm3EE8IdentityEv
FNF:6
FNH:0
DA:28,0
DA:31,0
DA:38,0
DA:41,0
DA:43,0
DA:43,0
DA:70,0
DA:72,0
DA:73,0
DA:75,0
DA:77,0
DA:80,0
DA:89,0
DA:91,0
DA:92,0
DA:94,0
DA:96,0
DA:99,0
DA:100,0
LF:19
LH:0
end_of_record
SF:/home/edward/projects/Smoke-Simulation/src/ODF/Math/Matrix3x3.h
FN:30,_ZN3ODF4Math9Matrix3x3D0Ev
FNDA:0,_ZN3ODF4Math9Matrix3x3D0Ev
FN:30,_ZN3ODF4Math9Matrix3x3D2Ev
FNDA:0,_ZN3ODF4Math9Matrix3x3D2Ev
FNF:2
FNH:0
DA:30,0
DA:30,0
LF:2
LH:0
end_of_record
SF:/home/edward/projects/Smoke-Simulation/src/ODF/Math/Matrix.h
FN:44,_ZN3ODF4Math6MatrixILm3ELm3EEC2Ev
FNDA:0,_ZN3ODF4Math6MatrixILm3ELm3EEC2Ev
FN:55,_ZN3ODF4Math6MatrixILm3ELm3EEC2ERKS2_
FNDA:0,_ZN3ODF4Math6MatrixILm3ELm3EEC2ERKS2_
FN:78,_ZN3ODF4Math6MatrixILm3ELm3EED0Ev
FNDA:0,_ZN3ODF4Math6MatrixILm3ELm3EED0Ev
FN:78,_ZN3ODF4Math6MatrixILm3ELm3EED2Ev
FNDA:0,_ZN3ODF4Math6MatrixILm3ELm3EED2Ev
FN:86,_ZN3ODF4Math6MatrixILm3ELm3EEaSERKS2_
FNDA:0,_ZN3ODF4Math6MatrixILm3ELm3EEaSERKS2_
FN:126,_ZNK3ODF4Math6MatrixILm3ELm3EEclEmm
FNDA:0,_ZNK3ODF4Math6MatrixILm3ELm3EEclEmm
FN:140,_ZN3ODF4Math6MatrixILm3ELm3EEclEmm
FNDA:0,_ZN3ODF4Math6MatrixILm3ELm3EEclEmm
FN:153,_ZN3ODF4Math6MatrixILm3ELm3EE5ClearEv
FNDA:0,_ZN3ODF4Math6MatrixILm3ELm3EE5ClearEv
FNF:8
FNH:0
DA:44,0
DA:45,0
DA:46,0
DA:47,0
DA:55,0
DA:56,0
DA:57,0
DA:58,0
DA:78,0
DA:78,0
DA:86,0
DA:88,0
DA:90,0
DA:94,0
DA:126,0
DA:128,0
DA:129,0
DA:130,0
DA:140,0
DA:142,0
DA:143,0
DA:144,0
DA:153,0
DA:155,0
DA:156,0
LF:25
LH:0
end_of_record
SF:/home/edward/projects/Smoke-Simulation/src/ODF/Math/Vector.h
FN:34,_ZN3ODF4Math6VectorILm3EEC2ESt16initializer_listIdE
FNDA:0,_ZN3ODF4Math6VectorILm3EEC2ESt16initializer_listIdE
FN:54,_ZN3ODF4Math6VectorILm3EEC2ERKS2_
FNDA:0,_ZN3ODF4Math6VectorILm3EEC2ERKS2_
FN:65,_ZN3ODF4Math6VectorILm3EEaSERKS2_
FNDA:0,_ZN3ODF4Math6VectorILm3EEaSERKS2_
FN:94,_ZN3ODF4Math6VectorILm3EEixEm
FNDA:0,_ZN3ODF4Math6VectorILm3EEixEm
FN:120,_ZNK3ODF4Math6VectorILm3EEplERKS2_
FNDA:0,_ZNK3ODF4Math6VectorILm3EEplERKS2_
FN:130,_ZNK3ODF4Math6VectorILm3EEmiERKS2_
FNDA:0,_ZNK3ODF4Math6VectorILm3EEmiERKS2_
FN:150,_ZNK3ODF4Math6VectorILm3EEmlEd
FNDA:0,_ZNK3ODF4Math6VectorILm3EEmlEd
FN:171,_ZN3ODF4Math6VectorILm3EEpLERKS2_
FNDA:0,_ZN3ODF4Math6VectorILm3EEpLERKS2_
FN:189,_ZN3ODF4Math6VectorILm3EEmLEd
FNDA:0,_ZN3ODF4Math6VectorILm3EEmLEd
FN:213,_ZNK3ODF4Math6VectorILm3EE6LengthEv
FNDA:0,_ZNK3ODF4Math6VectorILm3EE6LengthEv
FN:223,_ZN3ODF4Math6VectorILm3EE9NormalizeEv
FNDA:0,_ZN3ODF4Math6VectorILm3EE9NormalizeEv
FN:244,_ZN3ODF4Math6VectorILm3EE6NegateEv
FNDA:0,_ZN3ODF4Math6VectorILm3EE6NegateEv
FN:249,_ZNK3ODF4Math6VectorILm3EE3DotERKS2_
FNDA:0,_ZNK3ODF4Math6VectorILm3EE3DotERKS2_
FN:259,_ZN3ODF4Math6VectorILm3EE5CrossERKS2_S4_
FNDA:0,_ZN3ODF4Math6VectorILm3EE5CrossERKS2_S4_
FN:268,_ZN3ODF4MathngERKNS0_6VectorILm3EEE
FNDA:0,_ZN3ODF4MathngERKNS0_6VectorILm3EEE
FNF:15
FNH:0
DA:34,0
DA:36,0
DA:37,0
DA:38,0
DA:40,0
DA:42,0
DA:44,0
DA:46,0
DA:54,0
DA:56,0
DA:57,0
DA:65,0
DA:67,0
DA:69,0
DA:70,0
DA:73,0
DA:94,0
DA:96,0
DA:97,0
DA:120,0
DA:122,0
DA:123,0
DA:125,0
DA:127,0
DA:130,0
DA:132,0
DA:133,0
DA:135,0
DA:137,0
DA:150,0
DA:152,0
DA:153,0
DA:155,0
DA:157,0
DA:171,0
DA:173,0
DA:175,0
DA:177,0
DA:189,0
DA:191,0
DA:193,0
DA:195,0
DA:213,0
DA:215,0
DA:216,0
DA:218,0
DA:220,0
DA:223,0
DA:225,0
DA:226,0
DA:228,0
DA:230,0
DA:233,0
DA:244,0
DA:246,0
DA:247,0
DA:249,0
DA:251,0
DA:252,0
DA:254,0
DA:256,0
DA:259,0
DA:262,0
DA:263,0
DA:264,0
DA:265,0
DA:268,0
DA:270,0
DA:271,0
DA:272,0
LF:70
LH:0
end_of_record
SF:/usr/include/c++/11/initializer_list
FN:71,_ZNKSt16initializer_listIdE4sizeEv
FNDA:0,_ZNKSt16initializer_listIdE4sizeEv
FN:75,_ZNKSt16initializer_listIdE5beginEv
FNDA:0,_ZNKSt16initializer_listIdE5beginEv
FN:79,_ZNKSt16initializer_listIdE3endEv
FNDA:0,_ZNKSt16initializer_listIdE3endEv
FNF:3
FNH:0
DA:71,0
DA:75,0
DA:79,0
LF:3
LH:0
end_of_record
SF:/usr/include/c++/11/iostream
LF:0
LH:0
end_of_record
